<?xml version="1.0" encoding="UTF-8"?>
<!-- Generated by org.testng.reporters.JUnitXMLReporter -->
<testsuite ignored="0" hostname="PC-C02X50H9JGH8" failures="0" tests="5" name="Test" time="77.792" errors="0" timestamp="2022-03-13T16:13:54 AEDT">
  <testcase classname="testcases.LoginTest" name="ExternalDataTest" time="16.03"/>
  <testcase classname="testcases.LoginTest" name="LoginFailiureTest" time="13.597"/>
  <testcase classname="testcases.LoginTest" name="LoginSuccessTest" time="14.346"/>
  <testcase classname="testcases.LoginTest" name="ParameterizedTest" time="11.785"/>
  <testcase classname="testcases.HomeTest" name="test1" time="0.001"/>
</testsuite> <!-- Test -->
