<?xml version="1.0" encoding="UTF-8"?>
<!-- Generated by org.testng.reporters.JUnitXMLReporter -->
<testsuite hostname="PC-C02X50H9JGH8" ignored="0" name="Test" tests="5" failures="0" timestamp="2022-03-13T16:16:06 AEDT" time="69.119" errors="0">
  <testcase name="ExternalDataTest" time="11.215" classname="testcases.LoginTest"/>
  <testcase name="LoginFailiureTest" time="12.106" classname="testcases.LoginTest"/>
  <testcase name="LoginSuccessTest" time="11.975" classname="testcases.LoginTest"/>
  <testcase name="ParameterizedTest" time="10.519" classname="testcases.LoginTest"/>
  <testcase name="test1" time="0.0" classname="testcases.HomeTest"/>
</testsuite> <!-- Test -->
